{
  "stats": {
    "suites": 2,
    "tests": 6,
    "passes": 6,
    "pending": 0,
    "failures": 0,
    "start": "2022-04-29T16:08:47.102Z",
    "end": "2022-04-29T16:08:57.601Z",
    "duration": 7424,
    "testsRegistered": 6,
    "passPercent": 100,
    "pendingPercent": 0,
    "other": 0,
    "hasOther": false,
    "skipped": 0,
    "hasSkipped": false
  },
  "results": [
    {
      "uuid": "aa697e1c-d4b6-48df-ae89-c5e75a6a9c37",
      "title": "",
      "fullFile": "cypress/integration/SauceDemo/tests/login.spec.js",
      "file": "cypress/integration/SauceDemo/tests/login.spec.js",
      "beforeHooks": [],
      "afterHooks": [],
      "tests": [],
      "suites": [
        {
          "uuid": "30ad4192-bffc-4ce5-ac46-87388a77dfcc",
          "title": "Test suite to run test scenarios for Login page",
          "fullFile": "",
          "file": "",
          "beforeHooks": [],
          "afterHooks": [],
          "tests": [
            {
              "title": "should log in to Sauce Demo",
              "fullTitle": "Test suite to run test scenarios for Login page should log in to Sauce Demo",
              "timedOut": null,
              "duration": 992,
              "state": "passed",
              "speed": "fast",
              "pass": true,
              "fail": false,
              "pending": false,
              "context": null,
              "code": "_login.default.login(_parameters.default.validUser, _parameters.default.validPassword);\n_products.default.titlePage.should(\"be.visible\").should(\"have.text\", _parameters.default.titleProducts);",
              "err": {},
              "uuid": "c7fbdca6-2631-4c3a-b472-ab7dc4bc4491",
              "parentUUID": "30ad4192-bffc-4ce5-ac46-87388a77dfcc",
              "isHook": false,
              "skipped": false
            },
            {
              "title": "should not log in to Sauce Demo and display error message",
              "fullTitle": "Test suite to run test scenarios for Login page should not log in to Sauce Demo and display error message",
              "timedOut": null,
              "duration": 780,
              "state": "passed",
              "speed": "fast",
              "pass": true,
              "fail": false,
              "pending": false,
              "context": null,
              "code": "_login.default.login(_parameters.default.noValidUser, _parameters.default.noValidPassword);\n_login.default.errorMessage.should(\"be.visible\");",
              "err": {},
              "uuid": "c910af17-94af-4488-ad35-5f68bb3989db",
              "parentUUID": "30ad4192-bffc-4ce5-ac46-87388a77dfcc",
              "isHook": false,
              "skipped": false
            },
            {
              "title": "should log out from Sauce Demo",
              "fullTitle": "Test suite to run test scenarios for Login page should log out from Sauce Demo",
              "timedOut": null,
              "duration": 1312,
              "state": "passed",
              "speed": "fast",
              "pass": true,
              "fail": false,
              "pending": false,
              "context": null,
              "code": "_login.default.login(_parameters.default.validUser, _parameters.default.validPassword);\n_products.default.titlePage.should(\"be.visible\").should(\"have.text\", _parameters.default.titleProducts);\n_products.default.burgerMenuButton.click();\n_products.default.logOutLink.click();\n_login.default.loginButton.should(\"be.visible\");",
              "err": {},
              "uuid": "7e9026ac-5657-463f-8636-1a8f51a4944f",
              "parentUUID": "30ad4192-bffc-4ce5-ac46-87388a77dfcc",
              "isHook": false,
              "skipped": false
            }
          ],
          "suites": [],
          "passes": [
            "c7fbdca6-2631-4c3a-b472-ab7dc4bc4491",
            "c910af17-94af-4488-ad35-5f68bb3989db",
            "7e9026ac-5657-463f-8636-1a8f51a4944f"
          ],
          "failures": [],
          "pending": [],
          "skipped": [],
          "duration": 3084,
          "root": false,
          "rootEmpty": false,
          "_timeout": 2000
        }
      ],
      "passes": [],
      "failures": [],
      "pending": [],
      "skipped": [],
      "duration": 0,
      "root": true,
      "rootEmpty": true,
      "_timeout": 2000
    },
    {
      "uuid": "342b5c6a-034a-466c-bb23-807c53db3896",
      "title": "",
      "fullFile": "cypress/integration/SauceDemo/tests/addProducts.spec.js",
      "file": "cypress/integration/SauceDemo/tests/addProducts.spec.js",
      "beforeHooks": [],
      "afterHooks": [],
      "tests": [],
      "suites": [
        {
          "uuid": "9532e464-8261-4aef-a7ff-a57ccbf2524f",
          "title": "Test suite to run test scenarios for Products page",
          "fullFile": "",
          "file": "",
          "beforeHooks": [],
          "afterHooks": [],
          "tests": [
            {
              "title": "should add Sauce Labs Onesie to shopping cart",
              "fullTitle": "Test suite to run test scenarios for Products page should add Sauce Labs Onesie to shopping cart",
              "timedOut": null,
              "duration": 1512,
              "state": "passed",
              "speed": "fast",
              "pass": true,
              "fail": false,
              "pending": false,
              "context": null,
              "code": "_products.default.addToCartOnesieButton.click();\n_products.default.cartQuantityProducts.should(\"have.text\", 1);\n_products.default.cartButton.click();\ncy.contains(_parameters.default.labelOnesie);",
              "err": {},
              "uuid": "48c3c8b7-16b0-435f-938b-0e45a1db6684",
              "parentUUID": "9532e464-8261-4aef-a7ff-a57ccbf2524f",
              "isHook": false,
              "skipped": false
            },
            {
              "title": "should sort products by price (low to high)",
              "fullTitle": "Test suite to run test scenarios for Products page should sort products by price (low to high)",
              "timedOut": null,
              "duration": 1795,
              "state": "passed",
              "speed": "fast",
              "pass": true,
              "fail": false,
              "pending": false,
              "context": null,
              "code": "_products.default.listPriceProducts.then(list => {\n  let pricesBeforeSorting = Array.from(list, el => parseFloat(el.innerText.replace(\"$\", \"\")));\n  cy.wrap(pricesBeforeSorting).then(listPricesBeforeSorting => {\n    _products.default.productSortDropDown.select(_parameters.default.optionPriceLowToHigh);\n    _products.default.listPriceProducts.then(list => {\n      let pricesAfterSorting = Array.from(list, el => parseFloat(el.innerText.replace(\"$\", \"\")));\n      expect(listPricesBeforeSorting.sort((a, b) => a - b)).to.deep.equal(pricesAfterSorting);\n    });\n  });\n});",
              "err": {},
              "uuid": "dc73c0ed-f8ee-45cb-8dd0-c2d14257c15e",
              "parentUUID": "9532e464-8261-4aef-a7ff-a57ccbf2524f",
              "isHook": false,
              "skipped": false
            },
            {
              "title": "should sort products by price (high to low)",
              "fullTitle": "Test suite to run test scenarios for Products page should sort products by price (high to low)",
              "timedOut": null,
              "duration": 1033,
              "state": "passed",
              "speed": "fast",
              "pass": true,
              "fail": false,
              "pending": false,
              "context": null,
              "code": "_products.default.listPriceProducts.then(list => {\n  let pricesBeforeSorting = Array.from(list, el => parseFloat(el.innerText.replace(\"$\", \"\")));\n  cy.wrap(pricesBeforeSorting).then(listPricesBeforeSorting => {\n    _products.default.productSortDropDown.select(_parameters.default.optionPriceHighToLow);\n    _products.default.listPriceProducts.then(list => {\n      let pricesAfterSorting = Array.from(list, el => parseFloat(el.innerText.replace(\"$\", \"\")));\n      expect(listPricesBeforeSorting.sort((a, b) => b - a)).to.deep.equal(pricesAfterSorting);\n    });\n  });\n});",
              "err": {},
              "uuid": "64e02cb1-d9ad-4a51-94e4-60637630d6ac",
              "parentUUID": "9532e464-8261-4aef-a7ff-a57ccbf2524f",
              "isHook": false,
              "skipped": false
            }
          ],
          "suites": [],
          "passes": [
            "48c3c8b7-16b0-435f-938b-0e45a1db6684",
            "dc73c0ed-f8ee-45cb-8dd0-c2d14257c15e",
            "64e02cb1-d9ad-4a51-94e4-60637630d6ac"
          ],
          "failures": [],
          "pending": [],
          "skipped": [],
          "duration": 4340,
          "root": false,
          "rootEmpty": false,
          "_timeout": 2000
        }
      ],
      "passes": [],
      "failures": [],
      "pending": [],
      "skipped": [],
      "duration": 0,
      "root": true,
      "rootEmpty": true,
      "_timeout": 2000
    }
  ],
  "meta": {
    "mocha": {
      "version": "7.0.1"
    },
    "mochawesome": {
      "options": {
        "quiet": false,
        "reportFilename": "TestResults",
        "saveHtml": true,
        "saveJson": true,
        "consoleReporter": "spec",
        "useInlineDiffs": false,
        "code": true
      },
      "version": "7.1.3"
    },
    "marge": {
      "options": {
        "reportDir": "cypress/reports",
        "reportFilename": "TestResults",
        "overwrite": false,
        "html": true,
        "json": true,
        "charts": true
      },
      "version": "6.2.0"
    }
  }
}